Time PC       Instruc. ra (x1)  sp (x2)  t0 (x5)  t1 (x6)  t2 (x7)  s0 (x8)  s1 (x9)  a0 (x10)
0000 00000000 7fc00513 00000000 00000000 00000000 00000000 00000000 00000000 00000000 00000000
0001 00000004 ff600593 00000000 00000000 00000000 00000000 00000000 00000000 00000000 000007fc
0002 00000008 00b51023 00000000 00000000 00000000 00000000 00000000 00000000 00000000 000007fc
0003 0000000c 00051283 00000000 00000000 00000000 00000000 00000000 00000000 00000000 000007fc
0004 00000010 70400993 00000000 00000000 fffffff6 00000000 00000000 00000000 00000000 000007fc
0005 00000014 80000a13 00000000 00000000 fffffff6 00000000 00000000 00000000 00000000 000007fc
0006 00000018 014990a3 00000000 00000000 fffffff6 00000000 00000000 00000000 00000000 000007fc
0007 0000001c 00199303 00000000 00000000 fffffff6 00000000 00000000 00000000 00000000 000007fc
0008 00000020 78c00413 00000000 00000000 fffffff6 fffff800 00000000 00000000 00000000 000007fc
0009 00000024 7ff00913 00000000 00000000 fffffff6 fffff800 00000000 0000078c 00000000 000007fc
000a 00000028 01241123 00000000 00000000 fffffff6 fffff800 00000000 0000078c 00000000 000007fc
000b 0000002c 00241483 00000000 00000000 fffffff6 fffff800 00000000 0000078c 00000000 000007fc
000c 00000030 7d100713 00000000 00000000 fffffff6 fffff800 00000000 0000078c 000007ff 000007fc
000d 00000034 fd200513 00000000 00000000 fffffff6 fffff800 00000000 0000078c 000007ff 000007fc
000e 00000038 00a71023 00000000 00000000 fffffff6 fffff800 00000000 0000078c 000007ff ffffffd2
000f 0000003c 00071403 00000000 00000000 fffffff6 fffff800 00000000 0000078c 000007ff ffffffd2
0010 00000040 7d100713 00000000 00000000 fffffff6 fffff800 00000000 ffffffd2 000007ff ffffffd2
0011 00000044 22400793 00000000 00000000 fffffff6 fffff800 00000000 ffffffd2 000007ff ffffffd2
0012 00000048 00f710a3 00000000 00000000 fffffff6 fffff800 00000000 ffffffd2 000007ff ffffffd2
0013 0000004c 00171403 00000000 00000000 fffffff6 fffff800 00000000 ffffffd2 000007ff ffffffd2
0014 00000050 7d100713 00000000 00000000 fffffff6 fffff800 00000000 00000224 000007ff ffffffd2
0015 00000054 ffe00613 00000000 00000000 fffffff6 fffff800 00000000 00000224 000007ff ffffffd2
0016 00000058 00c71123 00000000 00000000 fffffff6 fffff800 00000000 00000224 000007ff ffffffd2
0017 0000005c 00271403 00000000 00000000 fffffff6 fffff800 00000000 00000224 000007ff ffffffd2
0018 00000060 00000000 00000000 00000000 fffffff6 fffff800 00000000 00000000 000007ff ffffffd2
